    1  [2019-12-20 14:13:11] git clone https://nobiki@github.com/nobiki/provision
    2  [2019-12-20 14:13:11] cd provision/
    5  [2019-12-20 14:13:11] cd shell/debian/
   11  [2019-12-20 14:13:11] sudo apt install rsync
   12  [2019-12-20 14:13:11] rsync -avz plasma_config/ /home/nobiki/.config/
   14  [2019-12-20 14:13:11] git clone https://nobiki@github.com/nobiki/dotfiles
   15  [2019-12-20 14:13:11] cd dotfiles/
   18  [2019-12-20 14:13:11] ./copy.sh 
   26  [2019-12-19 20:37:00] cd provision/shell/
   28  [2019-12-19 20:37:04] cd include/
   31  [2019-12-19 20:37:19] ./docker-ce.sh 
   32  [2019-12-19 20:44:23] ./Ricty.sh 
   33  [2019-12-19 20:45:42] sudo reboot
   34  [2019-12-19 20:50:04] d -v
   35  [2019-12-19 20:50:06] dc -v
   40  [2019-12-19 20:51:55] mkdir ~/.ssh
   41  [2019-12-19 20:52:00] cp * ~/.ssh/
   43  [2019-12-19 20:52:11] cd .ssh
   44  [2019-12-19 20:52:13] chmod 600 *
   45  [2019-12-19 20:52:14] cd
   46  [2019-12-19 20:52:24] git clone --recursive git@github.com:nobiki/provision
   47  [2019-12-19 20:52:33] cd provision/
   49  [2019-12-19 20:52:42] cd docker/shultu/
   51  [2019-12-19 20:52:45] cd
   52  [2019-12-19 20:52:54] git clone git@github.com:nobiki/vim
   53  [2019-12-19 20:52:58] cd vim
   54  [2019-12-19 20:53:00] sudo apt install make
   56  [2019-12-19 20:53:03] make
   57  [2019-12-19 20:53:05] make setup
   58  [2019-12-19 20:54:39] vim
   59  [2019-12-19 20:54:43] sudo vim
   60  [2019-12-19 20:54:44] vim
   61  [2019-12-19 20:54:47] cd
   63  [2019-12-19 20:54:52] mkdir workspace
   64  [2019-12-19 20:54:54] rm workspace/
   65  [2019-12-19 20:54:58] rm -rf workspace/
   66  [2019-12-19 20:55:03] git clone git@github.com:nobiki.shultu
   67  [2019-12-19 20:55:08] git clone git@github.com:nobiki/shultu
   68  [2019-12-19 20:55:25] sudo apt search ibus
   69  [2019-12-19 20:56:14] sudo apt install fcitx
   70  [2019-12-19 20:56:23] sudo apt search fcitx
   71  [2019-12-19 20:57:56] vim .bash_profile 
   72  [2019-12-19 20:58:06] sudo reboot
   73  [2019-12-19 20:59:31] cd ダウンロード/
   75  [2019-12-19 20:59:36] suod dpkg -i google-chrome-stable_current_amd64.deb 
   76  [2019-12-19 20:59:42] sudo dpkg -i google-chrome-stable_current_amd64.deb 
   77  [2019-12-19 21:00:07] sudo apt install fonts-liberation libappindicator3-1
   78  [2019-12-19 21:00:27] sudo apt install fonts-liberation libappindicator3-1 libdbusmenu-glib4 libdbusmenu-gtk3-4 libindicator3-7
   79  [2019-12-19 21:00:36] sudo dpkg -i google-chrome-stable_current_amd64.deb 
   80  [2019-12-19 21:00:46] google-chrome
   81  [2019-12-19 21:04:59] cd
   93  [2019-12-19 21:10:50] sudo vim /etc/init/docker.conf 
   94  [2019-12-19 21:11:48] sudo vim /usr/lib/systemd/system/docker.service 
   95  [2019-12-19 21:12:15] sudo systemctl daemon-reload
   96  [2019-12-19 21:12:19] sudo systemctl restart docker
  102  [2019-12-19 21:12:55] git clone git@github.com:nobiki/shultu
  103  [2019-12-19 21:12:58] cd shultu/
  104  [2019-12-19 21:13:02] cd ../
  106  [2019-12-19 21:13:10] git clone --recursive git@github.com:nobiki/shultu
  107  [2019-12-19 21:13:15] cd shultu/
  108  [2019-12-19 21:13:17] make submodule-update 
  110  [2019-12-19 21:13:30] cp example.env .env
  111  [2019-12-19 21:13:31] vim .env
  112  [2019-12-19 21:13:37] echo $DISPLAY
  113  [2019-12-19 21:13:39] make build
  115  [2019-12-19 21:43:07] make
  116  [2019-12-19 21:43:09] make tty
  117  [2019-12-19 21:45:11] cd
  118  [2019-12-19 21:45:13] cd .ssh
  119  [2019-12-19 21:45:19] mkdir /home/shultu/.ssh
  120  [2019-12-19 21:45:24] cp * /home/shultu/.ssh/
  121  [2019-12-19 21:45:30] ls -la /home/shultu/.ssh/
  122  [2019-12-19 22:00:33] sudo init 0
  124  [2019-12-20 14:13:18] h > setup.log
